<?xml version="1.0" encoding="utf-8"?><testsuites name="pytest tests"><testsuite name="pytest" errors="0" failures="0" skipped="0" tests="11" time="1.787" timestamp="2026-03-19T06:38:36.346715+00:00" hostname="agent-env-ffc17ad8-98ba-4336-a77b-fe9112ed2d9d"><testcase classname="backend.tests.test_akbai_api.TestAPIHealth" name="test_api_base_url_configured" time="0.000" /><testcase classname="backend.tests.test_akbai_api.TestChatEndpoint" name="test_chat_requires_authentication" time="0.180" /><testcase classname="backend.tests.test_akbai_api.TestChatEndpoint" name="test_chat_returns_proper_error_structure" time="0.107" /><testcase classname="backend.tests.test_akbai_api.TestPWAAssets" name="test_manifest_json_returns_200" time="0.107" /><testcase classname="backend.tests.test_akbai_api.TestPWAAssets" name="test_service_worker_returns_200" time="0.191" /><testcase classname="backend.tests.test_akbai_api.TestPWAAssets" name="test_icon_192_returns_200" time="0.135" /><testcase classname="backend.tests.test_akbai_api.TestPWAAssets" name="test_icon_512_returns_200" time="0.171" /><testcase classname="backend.tests.test_akbai_api.TestAuthRouting" name="test_auth_callback_without_code_redirects" time="0.321" /><testcase classname="backend.tests.test_akbai_api.TestAuthRouting" name="test_login_page_accessible" time="0.135" /><testcase classname="backend.tests.test_akbai_api.TestAuthRouting" name="test_chat_page_redirects_unauthenticated" time="0.281" /><testcase classname="backend.tests.test_akbai_api.TestContentValidation" name="test_chat_empty_body_still_requires_auth" time="0.098" /></testsuite></testsuites>